
*** Running vivado
    with args -log sinewave_gen_top.vdi -applog -m64 -product Vivado -messageDb vivado.pb -mode batch -source sinewave_gen_top.tcl -notrace


****** Vivado v2018.1 (64-bit)
  **** SW Build 2188600 on Wed Apr  4 18:39:19 MDT 2018
  **** IP Build 2185939 on Wed Apr  4 20:55:05 MDT 2018
    ** Copyright 1986-2018 Xilinx, Inc. All Rights Reserved.

source sinewave_gen_top.tcl -notrace
Command: link_design -top sinewave_gen_top -part xc7z010clg400-1
Design is defaulting to srcset: sources_1
Design is defaulting to constrset: constrs_1
INFO: [Project 1-454] Reading design checkpoint '/home/lorsi/Documents/CESE/CLP/VHDL-Sinewave-Generator/vivado/Sinewave Gen.srcs/sources_1/ip/vio_0/vio_0.dcp' for cell 'SINE_VIO'
INFO: [Netlist 29-17] Analyzing 21 Unisim elements for replacement
INFO: [Netlist 29-28] Unisim Transformation completed in 0 CPU seconds
INFO: [Project 1-479] Netlist was created with Vivado 2018.1
INFO: [Device 21-403] Loading part xc7z010clg400-1
INFO: [Project 1-570] Preparing netlist for logic optimization
INFO: [Chipscope 16-324] Core: SINE_VIO UUID: da06d4e7-207e-5d92-a632-8be5eb1059f6 
Parsing XDC File [/home/lorsi/Documents/CESE/CLP/VHDL-Sinewave-Generator/vivado/Sinewave Gen.srcs/sources_1/ip/vio_0/vio_0.xdc] for cell 'SINE_VIO'
Finished Parsing XDC File [/home/lorsi/Documents/CESE/CLP/VHDL-Sinewave-Generator/vivado/Sinewave Gen.srcs/sources_1/ip/vio_0/vio_0.xdc] for cell 'SINE_VIO'
Parsing XDC File [/home/lorsi/Documents/CESE/CLP/VHDL-Sinewave-Generator/src/contraints/Arty-Z7-10-Master.xdc]
Finished Parsing XDC File [/home/lorsi/Documents/CESE/CLP/VHDL-Sinewave-Generator/src/contraints/Arty-Z7-10-Master.xdc]
INFO: [Opt 31-138] Pushed 0 inverter(s) to 0 load pin(s).
INFO: [Project 1-111] Unisim Transformation Summary:
No Unisim elements were transformed.

9 Infos, 0 Warnings, 0 Critical Warnings and 0 Errors encountered.
link_design completed successfully
link_design: Time (s): cpu = 00:00:08 ; elapsed = 00:00:18 . Memory (MB): peak = 1496.957 ; gain = 321.613 ; free physical = 13542 ; free virtual = 21079
Command: opt_design
Attempting to get a license for feature 'Implementation' and/or device 'xc7z010'
INFO: [Common 17-349] Got license for feature 'Implementation' and/or device 'xc7z010'
Running DRC as a precondition to command opt_design

Starting DRC Task
INFO: [DRC 23-27] Running DRC with 8 threads
INFO: [Project 1-461] DRC finished with 0 Errors
INFO: [Project 1-462] Please refer to the DRC report (report_drc) for more information.

Time (s): cpu = 00:00:01 ; elapsed = 00:00:01 . Memory (MB): peak = 1594.988 ; gain = 98.031 ; free physical = 13535 ; free virtual = 21072
INFO: [Timing 38-35] Done setting XDC timing constraints.

Starting Logic Optimization Task

Phase 1 Generate And Synthesize Debug Cores
INFO: [Chipscope 16-329] Generating Script for core instance : dbg_hub 
INFO: [IP_Flow 19-3806] Processing IP xilinx.com:ip:xsdbm:3.0 for cell dbg_hub_CV.
Netlist sorting complete. Time (s): cpu = 00:00:00.01 ; elapsed = 00:00:00.01 . Memory (MB): peak = 2058.621 ; gain = 0.000 ; free physical = 13165 ; free virtual = 20746
Phase 1 Generate And Synthesize Debug Cores | Checksum: 16c1aafc8

Time (s): cpu = 00:01:16 ; elapsed = 00:01:58 . Memory (MB): peak = 2058.621 ; gain = 30.070 ; free physical = 13165 ; free virtual = 20746

Phase 2 Retarget
INFO: [Opt 31-138] Pushed 0 inverter(s) to 0 load pin(s).
INFO: [Opt 31-49] Retargeted 0 cell(s).
Phase 2 Retarget | Checksum: 16f51bb69

Time (s): cpu = 00:01:16 ; elapsed = 00:01:58 . Memory (MB): peak = 2058.621 ; gain = 30.070 ; free physical = 13166 ; free virtual = 20747
INFO: [Opt 31-389] Phase Retarget created 0 cells and removed 0 cells

Phase 3 Constant propagation
INFO: [Opt 31-138] Pushed 0 inverter(s) to 0 load pin(s).
Phase 3 Constant propagation | Checksum: 16f51bb69

Time (s): cpu = 00:01:16 ; elapsed = 00:01:58 . Memory (MB): peak = 2058.621 ; gain = 30.070 ; free physical = 13166 ; free virtual = 20747
INFO: [Opt 31-389] Phase Constant propagation created 0 cells and removed 0 cells

Phase 4 Sweep
Phase 4 Sweep | Checksum: 1044b249b

Time (s): cpu = 00:01:16 ; elapsed = 00:01:58 . Memory (MB): peak = 2058.621 ; gain = 30.070 ; free physical = 13166 ; free virtual = 20747
INFO: [Opt 31-389] Phase Sweep created 0 cells and removed 0 cells

Phase 5 BUFG optimization
Phase 5 BUFG optimization | Checksum: 1044b249b

Time (s): cpu = 00:01:16 ; elapsed = 00:01:58 . Memory (MB): peak = 2058.621 ; gain = 30.070 ; free physical = 13166 ; free virtual = 20747
INFO: [Opt 31-389] Phase BUFG optimization created 0 cells and removed 0 cells

Phase 6 Shift Register Optimization
Phase 6 Shift Register Optimization | Checksum: 1044b249b

Time (s): cpu = 00:01:16 ; elapsed = 00:01:58 . Memory (MB): peak = 2058.621 ; gain = 30.070 ; free physical = 13166 ; free virtual = 20746
INFO: [Opt 31-389] Phase Shift Register Optimization created 0 cells and removed 0 cells

Phase 7 Post Processing Netlist
Phase 7 Post Processing Netlist | Checksum: 1044b249b

Time (s): cpu = 00:01:16 ; elapsed = 00:01:58 . Memory (MB): peak = 2058.621 ; gain = 30.070 ; free physical = 13166 ; free virtual = 20746
INFO: [Opt 31-389] Phase Post Processing Netlist created 0 cells and removed 0 cells

Starting Connectivity Check Task

Time (s): cpu = 00:00:00.01 ; elapsed = 00:00:00.01 . Memory (MB): peak = 2058.621 ; gain = 0.000 ; free physical = 13166 ; free virtual = 20746
Ending Logic Optimization Task | Checksum: 1044b249b

Time (s): cpu = 00:01:16 ; elapsed = 00:01:58 . Memory (MB): peak = 2058.621 ; gain = 30.070 ; free physical = 13166 ; free virtual = 20746

Starting Power Optimization Task
INFO: [Pwropt 34-132] Skipping clock gating for clocks with a period < 2.00 ns.
Ending Power Optimization Task | Checksum: 28b35d48f

Time (s): cpu = 00:00:00.01 ; elapsed = 00:00:00.03 . Memory (MB): peak = 2058.621 ; gain = 0.000 ; free physical = 13166 ; free virtual = 20747
INFO: [Common 17-83] Releasing license: Implementation
30 Infos, 0 Warnings, 0 Critical Warnings and 0 Errors encountered.
opt_design completed successfully
opt_design: Time (s): cpu = 00:01:26 ; elapsed = 00:02:16 . Memory (MB): peak = 2058.621 ; gain = 561.664 ; free physical = 13166 ; free virtual = 20747
INFO: [Timing 38-480] Writing timing data to binary archive.
Writing placer database...
Writing XDEF routing.
Writing XDEF routing logical nets.
Writing XDEF routing special nets.
Write XDEF Complete: Time (s): cpu = 00:00:00.06 ; elapsed = 00:00:00.01 . Memory (MB): peak = 2090.637 ; gain = 0.000 ; free physical = 13164 ; free virtual = 20745
INFO: [Common 17-1381] The checkpoint '/home/lorsi/Documents/CESE/CLP/VHDL-Sinewave-Generator/vivado/Sinewave Gen.runs/impl_1/sinewave_gen_top_opt.dcp' has been generated.
INFO: [runtcl-4] Executing : report_drc -file sinewave_gen_top_drc_opted.rpt -pb sinewave_gen_top_drc_opted.pb -rpx sinewave_gen_top_drc_opted.rpx
Command: report_drc -file sinewave_gen_top_drc_opted.rpt -pb sinewave_gen_top_drc_opted.pb -rpx sinewave_gen_top_drc_opted.rpx
INFO: [IP_Flow 19-1839] IP Catalog is up to date.
INFO: [DRC 23-27] Running DRC with 8 threads
INFO: [Coretcl 2-168] The results of DRC are in file /home/lorsi/Documents/CESE/CLP/VHDL-Sinewave-Generator/vivado/Sinewave Gen.runs/impl_1/sinewave_gen_top_drc_opted.rpt.
report_drc completed successfully
INFO: [Chipscope 16-240] Debug cores have already been implemented
Command: place_design
Attempting to get a license for feature 'Implementation' and/or device 'xc7z010'
INFO: [Common 17-349] Got license for feature 'Implementation' and/or device 'xc7z010'
INFO: [DRC 23-27] Running DRC with 8 threads
INFO: [Vivado_Tcl 4-198] DRC finished with 0 Errors
INFO: [Vivado_Tcl 4-199] Please refer to the DRC report (report_drc) for more information.
Running DRC as a precondition to command place_design
INFO: [DRC 23-27] Running DRC with 8 threads
INFO: [Vivado_Tcl 4-198] DRC finished with 0 Errors
INFO: [Vivado_Tcl 4-199] Please refer to the DRC report (report_drc) for more information.

Starting Placer Task
INFO: [Place 30-611] Multithreading enabled for place_design using a maximum of 8 CPUs

Phase 1 Placer Initialization

Phase 1.1 Placer Initialization Netlist Sorting
Netlist sorting complete. Time (s): cpu = 00:00:00.01 ; elapsed = 00:00:00.01 . Memory (MB): peak = 2122.652 ; gain = 0.000 ; free physical = 13150 ; free virtual = 20732
Phase 1.1 Placer Initialization Netlist Sorting | Checksum: 1bd436336

Time (s): cpu = 00:00:00.02 ; elapsed = 00:00:00.05 . Memory (MB): peak = 2122.652 ; gain = 0.000 ; free physical = 13150 ; free virtual = 20732
INFO: [Timing 38-35] Done setting XDC timing constraints.
INFO: [Opt 31-138] Pushed 0 inverter(s) to 0 load pin(s).
Netlist sorting complete. Time (s): cpu = 00:00:00 ; elapsed = 00:00:00.01 . Memory (MB): peak = 2122.652 ; gain = 0.000 ; free physical = 13150 ; free virtual = 20732

Phase 1.2 IO Placement/ Clock Placement/ Build Placer Device
INFO: [Timing 38-35] Done setting XDC timing constraints.
Phase 1.2 IO Placement/ Clock Placement/ Build Placer Device | Checksum: f27aecfa

Time (s): cpu = 00:00:00.88 ; elapsed = 00:00:00.42 . Memory (MB): peak = 2122.652 ; gain = 0.000 ; free physical = 13149 ; free virtual = 20734

Phase 1.3 Build Placer Netlist Model
Phase 1.3 Build Placer Netlist Model | Checksum: 1dbaa13c2

Time (s): cpu = 00:00:02 ; elapsed = 00:00:00.63 . Memory (MB): peak = 2129.680 ; gain = 7.027 ; free physical = 13145 ; free virtual = 20731

Phase 1.4 Constrain Clocks/Macros
Phase 1.4 Constrain Clocks/Macros | Checksum: 1dbaa13c2

Time (s): cpu = 00:00:02 ; elapsed = 00:00:00.64 . Memory (MB): peak = 2129.680 ; gain = 7.027 ; free physical = 13145 ; free virtual = 20731
Phase 1 Placer Initialization | Checksum: 1dbaa13c2

Time (s): cpu = 00:00:02 ; elapsed = 00:00:00.64 . Memory (MB): peak = 2129.680 ; gain = 7.027 ; free physical = 13145 ; free virtual = 20731

Phase 2 Global Placement
Phase 2 Global Placement | Checksum: 166095d3a

Time (s): cpu = 00:00:07 ; elapsed = 00:00:02 . Memory (MB): peak = 2217.723 ; gain = 95.070 ; free physical = 13133 ; free virtual = 20721

Phase 3 Detail Placement

Phase 3.1 Commit Multi Column Macros
Phase 3.1 Commit Multi Column Macros | Checksum: 166095d3a

Time (s): cpu = 00:00:07 ; elapsed = 00:00:02 . Memory (MB): peak = 2217.723 ; gain = 95.070 ; free physical = 13133 ; free virtual = 20721

Phase 3.2 Commit Most Macros & LUTRAMs
Phase 3.2 Commit Most Macros & LUTRAMs | Checksum: 20bf19d1a

Time (s): cpu = 00:00:07 ; elapsed = 00:00:02 . Memory (MB): peak = 2217.723 ; gain = 95.070 ; free physical = 13133 ; free virtual = 20721

Phase 3.3 Area Swap Optimization
Phase 3.3 Area Swap Optimization | Checksum: 2503986b2

Time (s): cpu = 00:00:08 ; elapsed = 00:00:02 . Memory (MB): peak = 2217.723 ; gain = 95.070 ; free physical = 13133 ; free virtual = 20721

Phase 3.4 Pipeline Register Optimization
Phase 3.4 Pipeline Register Optimization | Checksum: 170b51318

Time (s): cpu = 00:00:08 ; elapsed = 00:00:02 . Memory (MB): peak = 2217.723 ; gain = 95.070 ; free physical = 13133 ; free virtual = 20721

Phase 3.5 Small Shape Detail Placement
Phase 3.5 Small Shape Detail Placement | Checksum: 126514322

Time (s): cpu = 00:00:08 ; elapsed = 00:00:02 . Memory (MB): peak = 2217.723 ; gain = 95.070 ; free physical = 13130 ; free virtual = 20719

Phase 3.6 Re-assign LUT pins
Phase 3.6 Re-assign LUT pins | Checksum: 16fa5331c

Time (s): cpu = 00:00:08 ; elapsed = 00:00:02 . Memory (MB): peak = 2217.723 ; gain = 95.070 ; free physical = 13129 ; free virtual = 20717

Phase 3.7 Pipeline Register Optimization
Phase 3.7 Pipeline Register Optimization | Checksum: 16d8ee826

Time (s): cpu = 00:00:08 ; elapsed = 00:00:02 . Memory (MB): peak = 2217.723 ; gain = 95.070 ; free physical = 13129 ; free virtual = 20717
Phase 3 Detail Placement | Checksum: 16d8ee826

Time (s): cpu = 00:00:08 ; elapsed = 00:00:02 . Memory (MB): peak = 2217.723 ; gain = 95.070 ; free physical = 13129 ; free virtual = 20717

Phase 4 Post Placement Optimization and Clean-Up

Phase 4.1 Post Commit Optimization
INFO: [Timing 38-35] Done setting XDC timing constraints.

Phase 4.1.1 Post Placement Optimization
Post Placement Optimization Initialization | Checksum: 1b96af842

Phase 4.1.1.1 BUFG Insertion
INFO: [Physopt 32-721] Multithreading enabled for phys_opt_design using a maximum of 8 CPUs
INFO: [Place 46-31] BUFG insertion identified 0 candidate nets, 0 success, 0 skipped for placement/routing, 0 skipped for timing, 0 skipped for netlist change reason.
Phase 4.1.1.1 BUFG Insertion | Checksum: 1b96af842

Time (s): cpu = 00:00:09 ; elapsed = 00:00:03 . Memory (MB): peak = 2217.723 ; gain = 95.070 ; free physical = 13126 ; free virtual = 20716
INFO: [Place 30-746] Post Placement Timing Summary WNS=27.678. For the most accurate timing information please run report_timing.
Phase 4.1.1 Post Placement Optimization | Checksum: 1787e4ab8

Time (s): cpu = 00:00:09 ; elapsed = 00:00:03 . Memory (MB): peak = 2217.723 ; gain = 95.070 ; free physical = 13126 ; free virtual = 20716
Phase 4.1 Post Commit Optimization | Checksum: 1787e4ab8

Time (s): cpu = 00:00:09 ; elapsed = 00:00:03 . Memory (MB): peak = 2217.723 ; gain = 95.070 ; free physical = 13126 ; free virtual = 20716

Phase 4.2 Post Placement Cleanup
Phase 4.2 Post Placement Cleanup | Checksum: 1787e4ab8

Time (s): cpu = 00:00:09 ; elapsed = 00:00:03 . Memory (MB): peak = 2217.723 ; gain = 95.070 ; free physical = 13126 ; free virtual = 20716

Phase 4.3 Placer Reporting
Phase 4.3 Placer Reporting | Checksum: 1787e4ab8

Time (s): cpu = 00:00:09 ; elapsed = 00:00:03 . Memory (MB): peak = 2217.723 ; gain = 95.070 ; free physical = 13126 ; free virtual = 20716

Phase 4.4 Final Placement Cleanup
Phase 4.4 Final Placement Cleanup | Checksum: 1353f78e0

Time (s): cpu = 00:00:09 ; elapsed = 00:00:03 . Memory (MB): peak = 2217.723 ; gain = 95.070 ; free physical = 13126 ; free virtual = 20716
Phase 4 Post Placement Optimization and Clean-Up | Checksum: 1353f78e0

Time (s): cpu = 00:00:09 ; elapsed = 00:00:03 . Memory (MB): peak = 2217.723 ; gain = 95.070 ; free physical = 13126 ; free virtual = 20716
Ending Placer Task | Checksum: f8b97214

Time (s): cpu = 00:00:09 ; elapsed = 00:00:03 . Memory (MB): peak = 2217.723 ; gain = 95.070 ; free physical = 13130 ; free virtual = 20719
INFO: [Common 17-83] Releasing license: Implementation
53 Infos, 0 Warnings, 0 Critical Warnings and 0 Errors encountered.
place_design completed successfully
INFO: [Timing 38-480] Writing timing data to binary archive.
Writing placer database...
Writing XDEF routing.
Writing XDEF routing logical nets.
Writing XDEF routing special nets.
Write XDEF Complete: Time (s): cpu = 00:00:00.35 ; elapsed = 00:00:00.09 . Memory (MB): peak = 2217.723 ; gain = 0.000 ; free physical = 13123 ; free virtual = 20715
INFO: [Common 17-1381] The checkpoint '/home/lorsi/Documents/CESE/CLP/VHDL-Sinewave-Generator/vivado/Sinewave Gen.runs/impl_1/sinewave_gen_top_placed.dcp' has been generated.
INFO: [runtcl-4] Executing : report_io -file sinewave_gen_top_io_placed.rpt
report_io: Time (s): cpu = 00:00:00.10 ; elapsed = 00:00:00.13 . Memory (MB): peak = 2217.723 ; gain = 0.000 ; free physical = 13115 ; free virtual = 20704
INFO: [runtcl-4] Executing : report_utilization -file sinewave_gen_top_utilization_placed.rpt -pb sinewave_gen_top_utilization_placed.pb
report_utilization: Time (s): cpu = 00:00:00.07 ; elapsed = 00:00:00.10 . Memory (MB): peak = 2217.723 ; gain = 0.000 ; free physical = 13122 ; free virtual = 20712
INFO: [runtcl-4] Executing : report_control_sets -verbose -file sinewave_gen_top_control_sets_placed.rpt
report_control_sets: Time (s): cpu = 00:00:00.06 ; elapsed = 00:00:00.08 . Memory (MB): peak = 2217.723 ; gain = 0.000 ; free physical = 13122 ; free virtual = 20712
Command: route_design
Attempting to get a license for feature 'Implementation' and/or device 'xc7z010'
INFO: [Common 17-349] Got license for feature 'Implementation' and/or device 'xc7z010'
Running DRC as a precondition to command route_design
INFO: [DRC 23-27] Running DRC with 8 threads
INFO: [Vivado_Tcl 4-198] DRC finished with 0 Errors
INFO: [Vivado_Tcl 4-199] Please refer to the DRC report (report_drc) for more information.


Starting Routing Task
INFO: [Route 35-254] Multithreading enabled for route_design using a maximum of 8 CPUs
Checksum: PlaceDB: 89cfd469 ConstDB: 0 ShapeSum: 6ee99dab RouteDB: 0

Phase 1 Build RT Design
Phase 1 Build RT Design | Checksum: 1920a97b0

Time (s): cpu = 00:00:09 ; elapsed = 00:00:08 . Memory (MB): peak = 2217.723 ; gain = 0.000 ; free physical = 12868 ; free virtual = 20599
Post Restoration Checksum: NetGraph: ec596535 NumContArr: a5b1327b Constraints: 0 Timing: 0

Phase 2 Router Initialization

Phase 2.1 Create Timer
Phase 2.1 Create Timer | Checksum: 1920a97b0

Time (s): cpu = 00:00:09 ; elapsed = 00:00:08 . Memory (MB): peak = 2217.723 ; gain = 0.000 ; free physical = 12867 ; free virtual = 20600

Phase 2.2 Fix Topology Constraints
Phase 2.2 Fix Topology Constraints | Checksum: 1920a97b0

Time (s): cpu = 00:00:09 ; elapsed = 00:00:08 . Memory (MB): peak = 2217.723 ; gain = 0.000 ; free physical = 12832 ; free virtual = 20577

Phase 2.3 Pre Route Cleanup
Phase 2.3 Pre Route Cleanup | Checksum: 1920a97b0

Time (s): cpu = 00:00:09 ; elapsed = 00:00:08 . Memory (MB): peak = 2217.723 ; gain = 0.000 ; free physical = 12831 ; free virtual = 20576
 Number of Nodes with overlaps = 0

Phase 2.4 Update Timing
Phase 2.4 Update Timing | Checksum: 21cd3bc16

Time (s): cpu = 00:00:11 ; elapsed = 00:00:08 . Memory (MB): peak = 2217.723 ; gain = 0.000 ; free physical = 12824 ; free virtual = 20570
INFO: [Route 35-416] Intermediate Timing Summary | WNS=27.645 | TNS=0.000  | WHS=-0.160 | THS=-22.813|

Phase 2 Router Initialization | Checksum: 26e8d313b

Time (s): cpu = 00:00:11 ; elapsed = 00:00:08 . Memory (MB): peak = 2217.723 ; gain = 0.000 ; free physical = 12825 ; free virtual = 20571

Phase 3 Initial Routing
Phase 3 Initial Routing | Checksum: 20045e2ac

Time (s): cpu = 00:00:11 ; elapsed = 00:00:08 . Memory (MB): peak = 2217.723 ; gain = 0.000 ; free physical = 12824 ; free virtual = 20569

Phase 4 Rip-up And Reroute

Phase 4.1 Global Iteration 0
 Number of Nodes with overlaps = 99
 Number of Nodes with overlaps = 0
INFO: [Route 35-416] Intermediate Timing Summary | WNS=27.243 | TNS=0.000  | WHS=N/A    | THS=N/A    |

Phase 4.1 Global Iteration 0 | Checksum: 83b7b405

Time (s): cpu = 00:00:14 ; elapsed = 00:00:09 . Memory (MB): peak = 2217.723 ; gain = 0.000 ; free physical = 12813 ; free virtual = 20570

Phase 4.2 Global Iteration 1
 Number of Nodes with overlaps = 3
 Number of Nodes with overlaps = 0
INFO: [Route 35-416] Intermediate Timing Summary | WNS=27.243 | TNS=0.000  | WHS=N/A    | THS=N/A    |

Phase 4.2 Global Iteration 1 | Checksum: 65361c2d

Time (s): cpu = 00:00:14 ; elapsed = 00:00:09 . Memory (MB): peak = 2217.723 ; gain = 0.000 ; free physical = 12812 ; free virtual = 20570
Phase 4 Rip-up And Reroute | Checksum: 65361c2d

Time (s): cpu = 00:00:14 ; elapsed = 00:00:09 . Memory (MB): peak = 2217.723 ; gain = 0.000 ; free physical = 12812 ; free virtual = 20570

Phase 5 Delay and Skew Optimization

Phase 5.1 Delay CleanUp
Phase 5.1 Delay CleanUp | Checksum: 65361c2d

Time (s): cpu = 00:00:14 ; elapsed = 00:00:09 . Memory (MB): peak = 2217.723 ; gain = 0.000 ; free physical = 12812 ; free virtual = 20570

Phase 5.2 Clock Skew Optimization
Phase 5.2 Clock Skew Optimization | Checksum: 65361c2d

Time (s): cpu = 00:00:14 ; elapsed = 00:00:09 . Memory (MB): peak = 2217.723 ; gain = 0.000 ; free physical = 12812 ; free virtual = 20570
Phase 5 Delay and Skew Optimization | Checksum: 65361c2d

Time (s): cpu = 00:00:14 ; elapsed = 00:00:09 . Memory (MB): peak = 2217.723 ; gain = 0.000 ; free physical = 12812 ; free virtual = 20570

Phase 6 Post Hold Fix

Phase 6.1 Hold Fix Iter

Phase 6.1.1 Update Timing
Phase 6.1.1 Update Timing | Checksum: 6f7a946c

Time (s): cpu = 00:00:15 ; elapsed = 00:00:09 . Memory (MB): peak = 2217.723 ; gain = 0.000 ; free physical = 12812 ; free virtual = 20570
INFO: [Route 35-416] Intermediate Timing Summary | WNS=27.393 | TNS=0.000  | WHS=0.061  | THS=0.000  |

Phase 6.1 Hold Fix Iter | Checksum: 909a32e8

Time (s): cpu = 00:00:15 ; elapsed = 00:00:09 . Memory (MB): peak = 2217.723 ; gain = 0.000 ; free physical = 12812 ; free virtual = 20570
Phase 6 Post Hold Fix | Checksum: 909a32e8

Time (s): cpu = 00:00:15 ; elapsed = 00:00:09 . Memory (MB): peak = 2217.723 ; gain = 0.000 ; free physical = 12812 ; free virtual = 20570

Phase 7 Route finalize

Router Utilization Summary
  Global Vertical Routing Utilization    = 0.303209 %
  Global Horizontal Routing Utilization  = 0.410156 %
  Routable Net Status*
  *Does not include unroutable nets such as driverless and loadless.
  Run report_route_status for detailed report.
  Number of Failed Nets               = 0
  Number of Unrouted Nets             = 0
  Number of Partially Routed Nets     = 0
  Number of Node Overlaps             = 0

Phase 7 Route finalize | Checksum: 1019e2a68

Time (s): cpu = 00:00:15 ; elapsed = 00:00:09 . Memory (MB): peak = 2217.723 ; gain = 0.000 ; free physical = 12812 ; free virtual = 20569

Phase 8 Verifying routed nets

 Verification completed successfully
Phase 8 Verifying routed nets | Checksum: 1019e2a68

Time (s): cpu = 00:00:15 ; elapsed = 00:00:09 . Memory (MB): peak = 2217.723 ; gain = 0.000 ; free physical = 12810 ; free virtual = 20568

Phase 9 Depositing Routes
Phase 9 Depositing Routes | Checksum: 1954c3011

Time (s): cpu = 00:00:15 ; elapsed = 00:00:09 . Memory (MB): peak = 2217.723 ; gain = 0.000 ; free physical = 12834 ; free virtual = 20566

Phase 10 Post Router Timing
INFO: [Route 35-57] Estimated Timing Summary | WNS=27.393 | TNS=0.000  | WHS=0.061  | THS=0.000  |

INFO: [Route 35-327] The final timing numbers are based on the router estimated timing analysis. For a complete and accurate timing signoff, please run report_timing_summary.
Phase 10 Post Router Timing | Checksum: 1954c3011

Time (s): cpu = 00:00:15 ; elapsed = 00:00:09 . Memory (MB): peak = 2217.723 ; gain = 0.000 ; free physical = 12834 ; free virtual = 20566
INFO: [Route 35-16] Router Completed Successfully

Time (s): cpu = 00:00:15 ; elapsed = 00:00:09 . Memory (MB): peak = 2217.723 ; gain = 0.000 ; free physical = 12862 ; free virtual = 20595

Routing Is Done.
INFO: [Common 17-83] Releasing license: Implementation
71 Infos, 0 Warnings, 0 Critical Warnings and 0 Errors encountered.
route_design completed successfully
route_design: Time (s): cpu = 00:00:17 ; elapsed = 00:00:10 . Memory (MB): peak = 2217.723 ; gain = 0.000 ; free physical = 12862 ; free virtual = 20595
INFO: [Timing 38-480] Writing timing data to binary archive.
Writing placer database...
Writing XDEF routing.
Writing XDEF routing logical nets.
Writing XDEF routing special nets.
Write XDEF Complete: Time (s): cpu = 00:00:00.42 ; elapsed = 00:00:00.12 . Memory (MB): peak = 2217.723 ; gain = 0.000 ; free physical = 12853 ; free virtual = 20589
INFO: [Common 17-1381] The checkpoint '/home/lorsi/Documents/CESE/CLP/VHDL-Sinewave-Generator/vivado/Sinewave Gen.runs/impl_1/sinewave_gen_top_routed.dcp' has been generated.
INFO: [runtcl-4] Executing : report_drc -file sinewave_gen_top_drc_routed.rpt -pb sinewave_gen_top_drc_routed.pb -rpx sinewave_gen_top_drc_routed.rpx
Command: report_drc -file sinewave_gen_top_drc_routed.rpt -pb sinewave_gen_top_drc_routed.pb -rpx sinewave_gen_top_drc_routed.rpx
INFO: [IP_Flow 19-1839] IP Catalog is up to date.
INFO: [DRC 23-27] Running DRC with 8 threads
INFO: [Coretcl 2-168] The results of DRC are in file /home/lorsi/Documents/CESE/CLP/VHDL-Sinewave-Generator/vivado/Sinewave Gen.runs/impl_1/sinewave_gen_top_drc_routed.rpt.
report_drc completed successfully
INFO: [runtcl-4] Executing : report_methodology -file sinewave_gen_top_methodology_drc_routed.rpt -pb sinewave_gen_top_methodology_drc_routed.pb -rpx sinewave_gen_top_methodology_drc_routed.rpx
Command: report_methodology -file sinewave_gen_top_methodology_drc_routed.rpt -pb sinewave_gen_top_methodology_drc_routed.pb -rpx sinewave_gen_top_methodology_drc_routed.rpx
INFO: [Timing 38-35] Done setting XDC timing constraints.
INFO: [Timing 38-35] Done setting XDC timing constraints.
INFO: [DRC 23-133] Running Methodology with 8 threads
INFO: [Coretcl 2-1520] The results of Report Methodology are in file /home/lorsi/Documents/CESE/CLP/VHDL-Sinewave-Generator/vivado/Sinewave Gen.runs/impl_1/sinewave_gen_top_methodology_drc_routed.rpt.
report_methodology completed successfully
INFO: [runtcl-4] Executing : report_power -file sinewave_gen_top_power_routed.rpt -pb sinewave_gen_top_power_summary_routed.pb -rpx sinewave_gen_top_power_routed.rpx
Command: report_power -file sinewave_gen_top_power_routed.rpt -pb sinewave_gen_top_power_summary_routed.pb -rpx sinewave_gen_top_power_routed.rpx
INFO: [Timing 38-35] Done setting XDC timing constraints.
Running Vector-less Activity Propagation...

Finished Running Vector-less Activity Propagation
84 Infos, 0 Warnings, 0 Critical Warnings and 0 Errors encountered.
report_power completed successfully
INFO: [runtcl-4] Executing : report_route_status -file sinewave_gen_top_route_status.rpt -pb sinewave_gen_top_route_status.pb
INFO: [runtcl-4] Executing : report_timing_summary -max_paths 10 -file sinewave_gen_top_timing_summary_routed.rpt -pb sinewave_gen_top_timing_summary_routed.pb -rpx sinewave_gen_top_timing_summary_routed.rpx -warn_on_violation 
INFO: [Timing 38-91] UpdateTimingParams: Speed grade: -1, Delay Type: min_max, Timing Stage: Requireds.
INFO: [Timing 38-191] Multithreading enabled for timing update using a maximum of 8 CPUs
INFO: [runtcl-4] Executing : report_incremental_reuse -file sinewave_gen_top_incremental_reuse_routed.rpt
INFO: [Vivado_Tcl 4-545] No incremental reuse to report, no incremental placement and routing data was found.
INFO: [runtcl-4] Executing : report_clock_utilization -file sinewave_gen_top_clock_utilization_routed.rpt
INFO: [runtcl-4] Executing : report_bus_skew -warn_on_violation -file route_report_bus_skew_0.rpt -rpx route_report_bus_skew_0.rpx
INFO: [Timing 38-91] UpdateTimingParams: Speed grade: -1, Delay Type: min_max, Timing Stage: Requireds.
INFO: [Timing 38-191] Multithreading enabled for timing update using a maximum of 8 CPUs
Command: write_bitstream -force sinewave_gen_top.bit
Attempting to get a license for feature 'Implementation' and/or device 'xc7z010'
INFO: [Common 17-349] Got license for feature 'Implementation' and/or device 'xc7z010'
Running DRC as a precondition to command write_bitstream
INFO: [IP_Flow 19-1839] IP Catalog is up to date.
INFO: [DRC 23-27] Running DRC with 8 threads
WARNING: [DRC RTSTAT-10] No routable loads: 15 net(s) have no routable loads. The problem bus(es) and/or net(s) are dbg_hub/inst/BSCANID.u_xsdbm_id/CORE_XSDB.UUT_MASTER/U_ICON_INTERFACE/U_CMD6_RD/U_RD_FIFO/SUBCORE_FIFO.xsdbm_v3_0_0_rdfifo_inst/inst_fifo_gen/gconvfifo.rf/grf.rf/gntv_or_sync_fifo.gl0.rd/gr1.gr1_int.rfwft/aempty_fwft_i, dbg_hub/inst/BSCANID.u_xsdbm_id/CORE_XSDB.UUT_MASTER/U_ICON_INTERFACE/U_CMD7_CTL/ctl_reg[2:0], dbg_hub/inst/BSCANID.u_xsdbm_id/CORE_XSDB.UUT_MASTER/U_ICON_INTERFACE/U_CMD7_CTL/ctl_reg_en_2[1], dbg_hub/inst/BSCANID.u_xsdbm_id/CORE_XSDB.UUT_MASTER/U_ICON_INTERFACE/U_CMD1/ctl_reg_en_2[1], dbg_hub/inst/BSCANID.u_xsdbm_id/SWITCH_N_EXT_BSCAN.bscan_switch/m_bscan_capture[0], dbg_hub/inst/BSCANID.u_xsdbm_id/SWITCH_N_EXT_BSCAN.bscan_switch/m_bscan_drck[0], dbg_hub/inst/BSCANID.u_xsdbm_id/SWITCH_N_EXT_BSCAN.bscan_switch/m_bscan_runtest[0], dbg_hub/inst/BSCANID.u_xsdbm_id/CORE_XSDB.UUT_MASTER/U_ICON_INTERFACE/U_CMD6_RD/U_RD_FIFO/SUBCORE_FIFO.xsdbm_v3_0_0_rdfifo_inst/inst_fifo_gen/gconvfifo.rf/grf.rf/gntv_or_sync_fifo.gl0.rd/gras.rsts/ram_empty_i, dbg_hub/inst/BSCANID.u_xsdbm_id/CORE_XSDB.UUT_MASTER/U_ICON_INTERFACE/U_CMD6_WR/U_WR_FIFO/SUBCORE_FIFO.xsdbm_v3_0_0_wrfifo_inst/inst_fifo_gen/gconvfifo.rf/grf.rf/gntv_or_sync_fifo.gl0.wr/gwas.wsts/ram_full_i, dbg_hub/inst/BSCANID.u_xsdbm_id/CORE_XSDB.UUT_MASTER/U_ICON_INTERFACE/U_CMD6_WR/U_WR_FIFO/SUBCORE_FIFO.xsdbm_v3_0_0_wrfifo_inst/inst_fifo_gen/gconvfifo.rf/grf.rf/rstblk/rd_rst_reg[0], dbg_hub/inst/BSCANID.u_xsdbm_id/SWITCH_N_EXT_BSCAN.bscan_inst/s_bscan_tms, dbg_hub/inst/BSCANID.u_xsdbm_id/CORE_XSDB.UUT_MASTER/U_ICON_INTERFACE/U_CMD6_RD/U_RD_FIFO/SUBCORE_FIFO.xsdbm_v3_0_0_rdfifo_inst/inst_fifo_gen/gconvfifo.rf/grf.rf/rstblk/wr_rst_reg[2], and dbg_hub/inst/BSCANID.u_xsdbm_id/CORE_XSDB.UUT_MASTER/U_ICON_INTERFACE/U_CMD6_WR/U_WR_FIFO/SUBCORE_FIFO.xsdbm_v3_0_0_wrfifo_inst/inst_fifo_gen/gconvfifo.rf/grf.rf/rstblk/wr_rst_reg[2].
WARNING: [DRC ZPS7-1] PS7 block required: The PS7 cell must be used in this Zynq design in order to enable correct default configuration.
INFO: [Vivado 12-3199] DRC finished with 0 Errors, 2 Warnings
INFO: [Vivado 12-3200] Please refer to the DRC report (report_drc) for more information.
INFO: [Designutils 20-2272] Running write_bitstream with 8 threads.
Loading data files...
Loading site data...
Loading route data...
Processing options...
Creating bitmap...
Creating bitstream...
Writing bitstream ./sinewave_gen_top.bit...
INFO: [Vivado 12-1842] Bitgen Completed Successfully.
INFO: [Project 1-120] WebTalk data collection is mandatory when using a WebPACK part without a full Vivado license. To see the specific WebTalk data collected for your design, open the usage_statistics_webtalk.html or usage_statistics_webtalk.xml file in the implementation directory.
INFO: [Common 17-83] Releasing license: Implementation
103 Infos, 2 Warnings, 0 Critical Warnings and 0 Errors encountered.
write_bitstream completed successfully
write_bitstream: Time (s): cpu = 00:00:10 ; elapsed = 00:00:13 . Memory (MB): peak = 2522.242 ; gain = 225.469 ; free physical = 12626 ; free virtual = 20434
INFO: [Common 17-206] Exiting Vivado at Sun Oct  3 21:30:30 2021...
